debug 2025/05/03 11:11:29 Starting Tidal REPL...
debug 2025/05/03 11:11:29 Console message: Loaded package environment from /home/csweeney/.ghc/x86_64-linux-9.4.7/environments/default
debug 2025/05/03 11:11:29 Console message: GHCi, version 9.4.7: https://www.haskell.org/ghc/  :? for help
debug 2025/05/03 11:11:29 Console message: [TidalCycles version 1.9.5]
debug 2025/05/03 11:11:29 Console message: Installed in /home/csweeney/.cabal/store/ghc-9.4.7/tidal-1.9.5-65f34845e5897e5144bfa5b0fa6ecc497ebc4119414d407e402957871a5e7a9a/share
debug 2025/05/03 11:11:29 Console message: Listening for external controls on 127.0.0.1:6010
debug 2025/05/03 11:11:29 Console message: That port isn't available, perhaps another Tidal instance is already listening on that port?
debug 2025/05/03 11:11:29 Console message: Can't handshake with SuperCollider without control port.
debug 2025/05/03 11:11:29 Console message: Loaded GHCi configuration from /home/csweeney/.cabal/store/ghc-9.4.7/tidal-1.9.5-65f34845e5897e5144bfa5b0fa6ecc497ebc4119414d407e402957871a5e7a9a/share/BootTidal.hs
debug 2025/05/03 11:20:14 Starting Tidal REPL...
debug 2025/05/03 11:20:14 Console message: Loaded package environment from /home/csweeney/.ghc/x86_64-linux-9.4.7/environments/default
debug 2025/05/03 11:20:14 Console message: GHCi, version 9.4.7: https://www.haskell.org/ghc/  :? for help
debug 2025/05/03 11:20:14 Console message: [TidalCycles version 1.9.5]
debug 2025/05/03 11:20:14 Console message: Installed in /home/csweeney/.cabal/store/ghc-9.4.7/tidal-1.9.5-65f34845e5897e5144bfa5b0fa6ecc497ebc4119414d407e402957871a5e7a9a/share
debug 2025/05/03 11:20:14 Console message: Listening for external controls on 127.0.0.1:6010
debug 2025/05/03 11:20:14 Console message: Connected to SuperDirt.
debug 2025/05/03 11:20:14 Console message: Loaded GHCi configuration from /home/csweeney/.cabal/store/ghc-9.4.7/tidal-1.9.5-65f34845e5897e5144bfa5b0fa6ecc497ebc4119414d407e402957871a5e7a9a/share/BootTidal.hs
debug 2025/05/03 11:21:47 Starting Tidal REPL...
debug 2025/05/03 11:21:47 Console message: Loaded package environment from /home/csweeney/.ghc/x86_64-linux-9.4.7/environments/default
debug 2025/05/03 11:21:47 Console message: GHCi, version 9.4.7: https://www.haskell.org/ghc/  :? for help
debug 2025/05/03 11:21:48 Console message: [TidalCycles version 1.9.5]
debug 2025/05/03 11:21:48 Console message: Installed in /home/csweeney/.cabal/store/ghc-9.4.7/tidal-1.9.5-65f34845e5897e5144bfa5b0fa6ecc497ebc4119414d407e402957871a5e7a9a/share
debug 2025/05/03 11:21:48 Console message: Listening for external controls on 127.0.0.1:6010
debug 2025/05/03 11:21:48 Console message: Connected to SuperDirt.
debug 2025/05/03 11:21:48 Console message: Loaded GHCi configuration from /home/csweeney/.cabal/store/ghc-9.4.7/tidal-1.9.5-65f34845e5897e5144bfa5b0fa6ecc497ebc4119414d407e402957871a5e7a9a/share/BootTidal.hs
debug 2025/05/03 11:21:53 Console message: d1 $ s "bd"
debug 2025/05/03 11:21:55 Console message: d1 $ s "bd"
debug 2025/05/03 11:27:23 Starting Tidal REPL...
debug 2025/05/03 11:27:23 Console message: Loaded package environment from /home/csweeney/.ghc/x86_64-linux-9.4.7/environments/default
debug 2025/05/03 11:27:23 Console message: GHCi, version 9.4.7: https://www.haskell.org/ghc/  :? for help
debug 2025/05/03 11:27:23 Console message: [TidalCycles version 1.9.5]
debug 2025/05/03 11:27:23 Console message: Installed in /home/csweeney/.cabal/store/ghc-9.4.7/tidal-1.9.5-65f34845e5897e5144bfa5b0fa6ecc497ebc4119414d407e402957871a5e7a9a/share
debug 2025/05/03 11:27:23 Console message: Listening for external controls on 127.0.0.1:6010
debug 2025/05/03 11:27:23 Console message: Connected to SuperDirt.
debug 2025/05/03 11:27:23 Console message: Loaded GHCi configuration from /home/csweeney/.cabal/store/ghc-9.4.7/tidal-1.9.5-65f34845e5897e5144bfa5b0fa6ecc497ebc4119414d407e402957871a5e7a9a/share/BootTidal.hs
debug 2025/05/03 11:27:28 Console message: hush
debug 2025/05/03 11:27:30 Console message: hush
debug 2025/05/03 11:28:17 Starting Tidal REPL...
debug 2025/05/03 11:28:17 Console message: Loaded package environment from /home/csweeney/.ghc/x86_64-linux-9.4.7/environments/default
debug 2025/05/03 11:28:17 Adding line to console: Loaded package environment from /home/csweeney/.ghc/x86_64-linux-9.4.7/environments/default
debug 2025/05/03 11:28:17 Console message: GHCi, version 9.4.7: https://www.haskell.org/ghc/  :? for help
debug 2025/05/03 11:28:17 Adding line to console: GHCi, version 9.4.7: https://www.haskell.org/ghc/  :? for help
debug 2025/05/03 11:28:17 Console message: [TidalCycles version 1.9.5]
debug 2025/05/03 11:28:17 Adding line to console: [TidalCycles version 1.9.5]
debug 2025/05/03 11:28:17 Console message: Installed in /home/csweeney/.cabal/store/ghc-9.4.7/tidal-1.9.5-65f34845e5897e5144bfa5b0fa6ecc497ebc4119414d407e402957871a5e7a9a/share
debug 2025/05/03 11:28:17 Adding line to console: Installed in /home/csweeney/.cabal/store/ghc-9.4.7/tidal-1.9.5-65f34845e5897e5144bfa5b0fa6ecc497ebc4119414d407e402957871a5e7a9a/share
debug 2025/05/03 11:28:17 Console message: Listening for external controls on 127.0.0.1:6010
debug 2025/05/03 11:28:17 Adding line to console: Listening for external controls on 127.0.0.1:6010
debug 2025/05/03 11:28:17 Console message: Connected to SuperDirt.
debug 2025/05/03 11:28:17 Adding line to console: Connected to SuperDirt.
debug 2025/05/03 11:28:17 Console message: Loaded GHCi configuration from /home/csweeney/.cabal/store/ghc-9.4.7/tidal-1.9.5-65f34845e5897e5144bfa5b0fa6ecc497ebc4119414d407e402957871a5e7a9a/share/BootTidal.hs
debug 2025/05/03 11:28:17 Adding line to console: Loaded GHCi configuration from /home/csweeney/.cabal/store/ghc-9.4.7/tidal-1.9.5-65f34845e5897e5144bfa5b0fa6ecc497ebc4119414d407e402957871a5e7a9a/share/BootTidal.hs
debug 2025/05/03 11:28:21 Console message: hush
debug 2025/05/03 11:28:21 Adding line to console: hush
debug 2025/05/03 11:28:29 Console message: 
d1 $ s "superhat*8"
debug 2025/05/03 11:28:29 Adding line to console: 
d1 $ s "superhat*8"
debug 2025/05/03 11:28:36 Console message: hush
debug 2025/05/03 11:28:36 Adding line to console: hush
debug 2025/05/03 11:28:38 Console message: hush
debug 2025/05/03 11:28:38 Adding line to console: hush
debug 2025/05/03 11:29:12 Starting Tidal REPL...
debug 2025/05/03 11:29:12 Console message: Loaded package environment from /home/csweeney/.ghc/x86_64-linux-9.4.7/environments/default
debug 2025/05/03 11:29:12 Adding line to console: Loaded package environment from /home/csweeney/.ghc/x86_64-linux-9.4.7/environments/default
debug 2025/05/03 11:29:12 Console message: GHCi, version 9.4.7: https://www.haskell.org/ghc/  :? for help
debug 2025/05/03 11:29:12 Adding line to console: GHCi, version 9.4.7: https://www.haskell.org/ghc/  :? for help
debug 2025/05/03 11:29:12 Console message: [TidalCycles version 1.9.5]
debug 2025/05/03 11:29:12 Adding line to console: [TidalCycles version 1.9.5]
debug 2025/05/03 11:29:12 Console message: Installed in /home/csweeney/.cabal/store/ghc-9.4.7/tidal-1.9.5-65f34845e5897e5144bfa5b0fa6ecc497ebc4119414d407e402957871a5e7a9a/share
debug 2025/05/03 11:29:12 Adding line to console: Installed in /home/csweeney/.cabal/store/ghc-9.4.7/tidal-1.9.5-65f34845e5897e5144bfa5b0fa6ecc497ebc4119414d407e402957871a5e7a9a/share
debug 2025/05/03 11:29:12 Console message: Listening for external controls on 127.0.0.1:6010
debug 2025/05/03 11:29:12 Adding line to console: Listening for external controls on 127.0.0.1:6010
debug 2025/05/03 11:29:12 Console message: Connected to SuperDirt.
debug 2025/05/03 11:29:12 Adding line to console: Connected to SuperDirt.
debug 2025/05/03 11:29:12 Console message: Loaded GHCi configuration from /home/csweeney/.cabal/store/ghc-9.4.7/tidal-1.9.5-65f34845e5897e5144bfa5b0fa6ecc497ebc4119414d407e402957871a5e7a9a/share/BootTidal.hs
debug 2025/05/03 11:29:12 Adding line to console: Loaded GHCi configuration from /home/csweeney/.cabal/store/ghc-9.4.7/tidal-1.9.5-65f34845e5897e5144bfa5b0fa6ecc497ebc4119414d407e402957871a5e7a9a/share/BootTidal.hs
debug 2025/05/03 11:29:17 Console message: hush
debug 2025/05/03 11:29:17 Adding line to console: hush
debug 2025/05/03 11:29:19 Console message: hush
debug 2025/05/03 11:29:19 Adding line to console: hush
debug 2025/05/03 11:33:02 Starting Tidal REPL...
debug 2025/05/03 11:33:02 Console message: Loaded package environment from /home/csweeney/.ghc/x86_64-linux-9.4.7/environments/default
debug 2025/05/03 11:33:02 Adding line to console: Loaded package environment from /home/csweeney/.ghc/x86_64-linux-9.4.7/environments/default
debug 2025/05/03 11:33:02 Console message: GHCi, version 9.4.7: https://www.haskell.org/ghc/  :? for help
debug 2025/05/03 11:33:02 Adding line to console: GHCi, version 9.4.7: https://www.haskell.org/ghc/  :? for help
debug 2025/05/03 11:33:02 Console message: [TidalCycles version 1.9.5]
debug 2025/05/03 11:33:02 Adding line to console: [TidalCycles version 1.9.5]
debug 2025/05/03 11:33:02 Console message: Installed in /home/csweeney/.cabal/store/ghc-9.4.7/tidal-1.9.5-65f34845e5897e5144bfa5b0fa6ecc497ebc4119414d407e402957871a5e7a9a/share
debug 2025/05/03 11:33:02 Adding line to console: Installed in /home/csweeney/.cabal/store/ghc-9.4.7/tidal-1.9.5-65f34845e5897e5144bfa5b0fa6ecc497ebc4119414d407e402957871a5e7a9a/share
debug 2025/05/03 11:33:02 Console message: Listening for external controls on 127.0.0.1:6010
debug 2025/05/03 11:33:02 Adding line to console: Listening for external controls on 127.0.0.1:6010
debug 2025/05/03 11:33:02 Console message: Connected to SuperDirt.
debug 2025/05/03 11:33:02 Adding line to console: Connected to SuperDirt.
debug 2025/05/03 11:33:02 Console message: Loaded GHCi configuration from /home/csweeney/.cabal/store/ghc-9.4.7/tidal-1.9.5-65f34845e5897e5144bfa5b0fa6ecc497ebc4119414d407e402957871a5e7a9a/share/BootTidal.hs
debug 2025/05/03 11:33:02 Adding line to console: Loaded GHCi configuration from /home/csweeney/.cabal/store/ghc-9.4.7/tidal-1.9.5-65f34845e5897e5144bfa5b0fa6ecc497ebc4119414d407e402957871a5e7a9a/share/BootTidal.hs
debug 2025/05/03 11:33:04 Console message: hush
debug 2025/05/03 11:33:04 Adding line to console: hush
debug 2025/05/03 11:33:05 Console message: hush
debug 2025/05/03 11:33:05 Adding line to console: hush
debug 2025/05/03 11:33:52 Starting Tidal REPL...
debug 2025/05/03 11:33:52 Console message: Loaded package environment from /home/csweeney/.ghc/x86_64-linux-9.4.7/environments/default
debug 2025/05/03 11:33:52 Adding line to console: Loaded package environment from /home/csweeney/.ghc/x86_64-linux-9.4.7/environments/default
debug 2025/05/03 11:33:52 Console message: GHCi, version 9.4.7: https://www.haskell.org/ghc/  :? for help
debug 2025/05/03 11:33:52 Adding line to console: GHCi, version 9.4.7: https://www.haskell.org/ghc/  :? for help
debug 2025/05/03 11:33:52 Console message: [TidalCycles version 1.9.5]
debug 2025/05/03 11:33:52 Adding line to console: [TidalCycles version 1.9.5]
debug 2025/05/03 11:33:52 Console message: Installed in /home/csweeney/.cabal/store/ghc-9.4.7/tidal-1.9.5-65f34845e5897e5144bfa5b0fa6ecc497ebc4119414d407e402957871a5e7a9a/share
debug 2025/05/03 11:33:52 Adding line to console: Installed in /home/csweeney/.cabal/store/ghc-9.4.7/tidal-1.9.5-65f34845e5897e5144bfa5b0fa6ecc497ebc4119414d407e402957871a5e7a9a/share
debug 2025/05/03 11:33:52 Console message: Listening for external controls on 127.0.0.1:6010
debug 2025/05/03 11:33:52 Adding line to console: Listening for external controls on 127.0.0.1:6010
debug 2025/05/03 11:33:52 Console message: Connected to SuperDirt.
debug 2025/05/03 11:33:52 Adding line to console: Connected to SuperDirt.
debug 2025/05/03 11:33:52 Console message: Loaded GHCi configuration from /home/csweeney/.cabal/store/ghc-9.4.7/tidal-1.9.5-65f34845e5897e5144bfa5b0fa6ecc497ebc4119414d407e402957871a5e7a9a/share/BootTidal.hs
debug 2025/05/03 11:33:52 Adding line to console: Loaded GHCi configuration from /home/csweeney/.cabal/store/ghc-9.4.7/tidal-1.9.5-65f34845e5897e5144bfa5b0fa6ecc497ebc4119414d407e402957871a5e7a9a/share/BootTidal.hs
debug 2025/05/03 11:33:55 Console message: hush
debug 2025/05/03 11:33:55 Adding line to console: hush
debug 2025/05/03 11:33:56 Console message: hush
debug 2025/05/03 11:33:56 Adding line to console: hush
debug 2025/05/03 11:35:07 Starting Tidal REPL...
debug 2025/05/03 11:35:07 Console message: Loaded package environment from /home/csweeney/.ghc/x86_64-linux-9.4.7/environments/default
debug 2025/05/03 11:35:07 Adding line to console: Loaded package environment from /home/csweeney/.ghc/x86_64-linux-9.4.7/environments/default
debug 2025/05/03 11:35:07 Console message: GHCi, version 9.4.7: https://www.haskell.org/ghc/  :? for help
debug 2025/05/03 11:35:07 Adding line to console: GHCi, version 9.4.7: https://www.haskell.org/ghc/  :? for help
debug 2025/05/03 11:35:07 Console message: [TidalCycles version 1.9.5]
debug 2025/05/03 11:35:07 Adding line to console: [TidalCycles version 1.9.5]
debug 2025/05/03 11:35:07 Console message: Installed in /home/csweeney/.cabal/store/ghc-9.4.7/tidal-1.9.5-65f34845e5897e5144bfa5b0fa6ecc497ebc4119414d407e402957871a5e7a9a/share
debug 2025/05/03 11:35:07 Adding line to console: Installed in /home/csweeney/.cabal/store/ghc-9.4.7/tidal-1.9.5-65f34845e5897e5144bfa5b0fa6ecc497ebc4119414d407e402957871a5e7a9a/share
debug 2025/05/03 11:35:07 Console message: Listening for external controls on 127.0.0.1:6010
debug 2025/05/03 11:35:07 Adding line to console: Listening for external controls on 127.0.0.1:6010
debug 2025/05/03 11:35:07 Console message: Connected to SuperDirt.
debug 2025/05/03 11:35:07 Adding line to console: Connected to SuperDirt.
debug 2025/05/03 11:35:08 Console message: Loaded GHCi configuration from /home/csweeney/.cabal/store/ghc-9.4.7/tidal-1.9.5-65f34845e5897e5144bfa5b0fa6ecc497ebc4119414d407e402957871a5e7a9a/share/BootTidal.hs
debug 2025/05/03 11:35:08 Adding line to console: Loaded GHCi configuration from /home/csweeney/.cabal/store/ghc-9.4.7/tidal-1.9.5-65f34845e5897e5144bfa5b0fa6ecc497ebc4119414d407e402957871a5e7a9a/share/BootTidal.hs
debug 2025/05/03 11:35:08 Console message: hush
debug 2025/05/03 11:35:08 Adding line to console: hush
debug 2025/05/03 11:35:09 Console message: hush
debug 2025/05/03 11:35:09 Adding line to console: hush
debug 2025/05/03 11:35:10 Console message: hush
debug 2025/05/03 11:35:10 Adding line to console: hush
debug 2025/05/03 11:38:04 Starting Tidal REPL...
debug 2025/05/03 11:38:04 Console message: Loaded package environment from /home/csweeney/.ghc/x86_64-linux-9.4.7/environments/default
debug 2025/05/03 11:38:04 Adding line to console: Loaded package environment from /home/csweeney/.ghc/x86_64-linux-9.4.7/environments/default
debug 2025/05/03 11:38:04 Console message: GHCi, version 9.4.7: https://www.haskell.org/ghc/  :? for help
debug 2025/05/03 11:38:04 Adding line to console: GHCi, version 9.4.7: https://www.haskell.org/ghc/  :? for help
debug 2025/05/03 11:38:04 Console message: [TidalCycles version 1.9.5]
debug 2025/05/03 11:38:04 Adding line to console: [TidalCycles version 1.9.5]
debug 2025/05/03 11:38:04 Console message: Installed in /home/csweeney/.cabal/store/ghc-9.4.7/tidal-1.9.5-65f34845e5897e5144bfa5b0fa6ecc497ebc4119414d407e402957871a5e7a9a/share
debug 2025/05/03 11:38:04 Adding line to console: Installed in /home/csweeney/.cabal/store/ghc-9.4.7/tidal-1.9.5-65f34845e5897e5144bfa5b0fa6ecc497ebc4119414d407e402957871a5e7a9a/share
debug 2025/05/03 11:38:04 Console message: Listening for external controls on 127.0.0.1:6010
debug 2025/05/03 11:38:04 Adding line to console: Listening for external controls on 127.0.0.1:6010
debug 2025/05/03 11:38:04 Console message: Connected to SuperDirt.
debug 2025/05/03 11:38:04 Adding line to console: Connected to SuperDirt.
debug 2025/05/03 11:38:04 Console message: Loaded GHCi configuration from /home/csweeney/.cabal/store/ghc-9.4.7/tidal-1.9.5-65f34845e5897e5144bfa5b0fa6ecc497ebc4119414d407e402957871a5e7a9a/share/BootTidal.hs
debug 2025/05/03 11:38:04 Adding line to console: Loaded GHCi configuration from /home/csweeney/.cabal/store/ghc-9.4.7/tidal-1.9.5-65f34845e5897e5144bfa5b0fa6ecc497ebc4119414d407e402957871a5e7a9a/share/BootTidal.hs
debug 2025/05/03 11:38:09 Starting Tidal REPL...
debug 2025/05/03 11:38:09 Console message: Loaded package environment from /home/csweeney/.ghc/x86_64-linux-9.4.7/environments/default
debug 2025/05/03 11:38:09 Adding line to console: Loaded package environment from /home/csweeney/.ghc/x86_64-linux-9.4.7/environments/default
debug 2025/05/03 11:38:09 Console message: GHCi, version 9.4.7: https://www.haskell.org/ghc/  :? for help
debug 2025/05/03 11:38:09 Adding line to console: GHCi, version 9.4.7: https://www.haskell.org/ghc/  :? for help
debug 2025/05/03 11:38:09 Console message: [TidalCycles version 1.9.5]
debug 2025/05/03 11:38:09 Adding line to console: [TidalCycles version 1.9.5]
debug 2025/05/03 11:38:09 Console message: Installed in /home/csweeney/.cabal/store/ghc-9.4.7/tidal-1.9.5-65f34845e5897e5144bfa5b0fa6ecc497ebc4119414d407e402957871a5e7a9a/share
debug 2025/05/03 11:38:09 Adding line to console: Installed in /home/csweeney/.cabal/store/ghc-9.4.7/tidal-1.9.5-65f34845e5897e5144bfa5b0fa6ecc497ebc4119414d407e402957871a5e7a9a/share
debug 2025/05/03 11:38:09 Console message: Listening for external controls on 127.0.0.1:6010
debug 2025/05/03 11:38:09 Adding line to console: Listening for external controls on 127.0.0.1:6010
debug 2025/05/03 11:38:09 Console message: Connected to SuperDirt.
debug 2025/05/03 11:38:09 Adding line to console: Connected to SuperDirt.
debug 2025/05/03 11:38:09 Console message: Loaded GHCi configuration from /home/csweeney/.cabal/store/ghc-9.4.7/tidal-1.9.5-65f34845e5897e5144bfa5b0fa6ecc497ebc4119414d407e402957871a5e7a9a/share/BootTidal.hs
debug 2025/05/03 11:38:09 Adding line to console: Loaded GHCi configuration from /home/csweeney/.cabal/store/ghc-9.4.7/tidal-1.9.5-65f34845e5897e5144bfa5b0fa6ecc497ebc4119414d407e402957871a5e7a9a/share/BootTidal.hs
debug 2025/05/03 11:38:36 Console message: hush
debug 2025/05/03 11:38:36 Adding line to console: hush
debug 2025/05/03 11:38:37 Console message: hush
debug 2025/05/03 11:38:37 Adding line to console: hush
debug 2025/05/03 11:38:37 Console message: hush
debug 2025/05/03 11:38:37 Adding line to console: hush
debug 2025/05/03 11:38:38 Console message: hush
debug 2025/05/03 11:38:38 Adding line to console: hush
debug 2025/05/03 11:38:38 Console message: hush
debug 2025/05/03 11:38:38 Adding line to console: hush
debug 2025/05/03 11:38:38 Console message: hush
debug 2025/05/03 11:38:38 Adding line to console: hush
debug 2025/05/03 11:38:39 Console message: hush
debug 2025/05/03 11:38:39 Adding line to console: hush
debug 2025/05/03 11:38:56 Starting Tidal REPL...
debug 2025/05/03 11:38:57 Console message: Loaded package environment from /home/csweeney/.ghc/x86_64-linux-9.4.7/environments/default
debug 2025/05/03 11:38:57 Adding line to console: Loaded package environment from /home/csweeney/.ghc/x86_64-linux-9.4.7/environments/default
debug 2025/05/03 11:38:57 Console message: GHCi, version 9.4.7: https://www.haskell.org/ghc/  :? for help
debug 2025/05/03 11:38:57 Adding line to console: GHCi, version 9.4.7: https://www.haskell.org/ghc/  :? for help
debug 2025/05/03 11:38:57 Console message: [TidalCycles version 1.9.5]
debug 2025/05/03 11:38:57 Adding line to console: [TidalCycles version 1.9.5]
debug 2025/05/03 11:38:57 Console message: Installed in /home/csweeney/.cabal/store/ghc-9.4.7/tidal-1.9.5-65f34845e5897e5144bfa5b0fa6ecc497ebc4119414d407e402957871a5e7a9a/share
debug 2025/05/03 11:38:57 Adding line to console: Installed in /home/csweeney/.cabal/store/ghc-9.4.7/tidal-1.9.5-65f34845e5897e5144bfa5b0fa6ecc497ebc4119414d407e402957871a5e7a9a/share
debug 2025/05/03 11:38:57 Console message: Listening for external controls on 127.0.0.1:6010
debug 2025/05/03 11:38:57 Adding line to console: Listening for external controls on 127.0.0.1:6010
debug 2025/05/03 11:38:57 Console message: Connected to SuperDirt.
debug 2025/05/03 11:38:57 Adding line to console: Connected to SuperDirt.
debug 2025/05/03 11:38:57 Console message: Loaded GHCi configuration from /home/csweeney/.cabal/store/ghc-9.4.7/tidal-1.9.5-65f34845e5897e5144bfa5b0fa6ecc497ebc4119414d407e402957871a5e7a9a/share/BootTidal.hs
debug 2025/05/03 11:38:57 Adding line to console: Loaded GHCi configuration from /home/csweeney/.cabal/store/ghc-9.4.7/tidal-1.9.5-65f34845e5897e5144bfa5b0fa6ecc497ebc4119414d407e402957871a5e7a9a/share/BootTidal.hs
debug 2025/05/03 11:39:16 Starting Tidal REPL...
debug 2025/05/03 11:39:16 Console message: Loaded package environment from /home/csweeney/.ghc/x86_64-linux-9.4.7/environments/default
debug 2025/05/03 11:39:16 Adding line to console: Loaded package environment from /home/csweeney/.ghc/x86_64-linux-9.4.7/environments/default
debug 2025/05/03 11:39:16 Console message: GHCi, version 9.4.7: https://www.haskell.org/ghc/  :? for help
debug 2025/05/03 11:39:16 Adding line to console: GHCi, version 9.4.7: https://www.haskell.org/ghc/  :? for help
debug 2025/05/03 11:39:16 Console message: [TidalCycles version 1.9.5]
debug 2025/05/03 11:39:16 Adding line to console: [TidalCycles version 1.9.5]
debug 2025/05/03 11:39:16 Console message: Installed in /home/csweeney/.cabal/store/ghc-9.4.7/tidal-1.9.5-65f34845e5897e5144bfa5b0fa6ecc497ebc4119414d407e402957871a5e7a9a/share
debug 2025/05/03 11:39:16 Adding line to console: Installed in /home/csweeney/.cabal/store/ghc-9.4.7/tidal-1.9.5-65f34845e5897e5144bfa5b0fa6ecc497ebc4119414d407e402957871a5e7a9a/share
debug 2025/05/03 11:39:16 Console message: Listening for external controls on 127.0.0.1:6010
debug 2025/05/03 11:39:16 Adding line to console: Listening for external controls on 127.0.0.1:6010
debug 2025/05/03 11:39:16 Console message: Connected to SuperDirt.
debug 2025/05/03 11:39:16 Adding line to console: Connected to SuperDirt.
debug 2025/05/03 11:39:16 Console message: Loaded GHCi configuration from /home/csweeney/.cabal/store/ghc-9.4.7/tidal-1.9.5-65f34845e5897e5144bfa5b0fa6ecc497ebc4119414d407e402957871a5e7a9a/share/BootTidal.hs
debug 2025/05/03 11:39:16 Adding line to console: Loaded GHCi configuration from /home/csweeney/.cabal/store/ghc-9.4.7/tidal-1.9.5-65f34845e5897e5144bfa5b0fa6ecc497ebc4119414d407e402957871a5e7a9a/share/BootTidal.hs
debug 2025/05/03 11:39:32 Starting Tidal REPL...
debug 2025/05/03 11:39:32 Console message: Loaded package environment from /home/csweeney/.ghc/x86_64-linux-9.4.7/environments/default
debug 2025/05/03 11:39:32 Adding line to console: Loaded package environment from /home/csweeney/.ghc/x86_64-linux-9.4.7/environments/default
debug 2025/05/03 11:39:32 Console message: GHCi, version 9.4.7: https://www.haskell.org/ghc/  :? for help
debug 2025/05/03 11:39:32 Adding line to console: GHCi, version 9.4.7: https://www.haskell.org/ghc/  :? for help
debug 2025/05/03 11:39:32 Console message: [TidalCycles version 1.9.5]
debug 2025/05/03 11:39:32 Adding line to console: [TidalCycles version 1.9.5]
debug 2025/05/03 11:39:32 Console message: Installed in /home/csweeney/.cabal/store/ghc-9.4.7/tidal-1.9.5-65f34845e5897e5144bfa5b0fa6ecc497ebc4119414d407e402957871a5e7a9a/share
debug 2025/05/03 11:39:32 Adding line to console: Installed in /home/csweeney/.cabal/store/ghc-9.4.7/tidal-1.9.5-65f34845e5897e5144bfa5b0fa6ecc497ebc4119414d407e402957871a5e7a9a/share
debug 2025/05/03 11:39:32 Console message: Listening for external controls on 127.0.0.1:6010
debug 2025/05/03 11:39:32 Adding line to console: Listening for external controls on 127.0.0.1:6010
debug 2025/05/03 11:39:32 Console message: Connected to SuperDirt.
debug 2025/05/03 11:39:32 Adding line to console: Connected to SuperDirt.
debug 2025/05/03 11:39:32 Console message: Loaded GHCi configuration from /home/csweeney/.cabal/store/ghc-9.4.7/tidal-1.9.5-65f34845e5897e5144bfa5b0fa6ecc497ebc4119414d407e402957871a5e7a9a/share/BootTidal.hs
debug 2025/05/03 11:39:32 Adding line to console: Loaded GHCi configuration from /home/csweeney/.cabal/store/ghc-9.4.7/tidal-1.9.5-65f34845e5897e5144bfa5b0fa6ecc497ebc4119414d407e402957871a5e7a9a/share/BootTidal.hs
debug 2025/05/03 11:39:50 Starting Tidal REPL...
debug 2025/05/03 11:39:50 Console message: Loaded package environment from /home/csweeney/.ghc/x86_64-linux-9.4.7/environments/default
debug 2025/05/03 11:39:50 Adding line to console: Loaded package environment from /home/csweeney/.ghc/x86_64-linux-9.4.7/environments/default
debug 2025/05/03 11:39:50 Console message: GHCi, version 9.4.7: https://www.haskell.org/ghc/  :? for help
debug 2025/05/03 11:39:50 Adding line to console: GHCi, version 9.4.7: https://www.haskell.org/ghc/  :? for help
debug 2025/05/03 11:39:50 Console message: [TidalCycles version 1.9.5]
debug 2025/05/03 11:39:50 Adding line to console: [TidalCycles version 1.9.5]
debug 2025/05/03 11:39:50 Console message: Installed in /home/csweeney/.cabal/store/ghc-9.4.7/tidal-1.9.5-65f34845e5897e5144bfa5b0fa6ecc497ebc4119414d407e402957871a5e7a9a/share
debug 2025/05/03 11:39:50 Adding line to console: Installed in /home/csweeney/.cabal/store/ghc-9.4.7/tidal-1.9.5-65f34845e5897e5144bfa5b0fa6ecc497ebc4119414d407e402957871a5e7a9a/share
debug 2025/05/03 11:39:50 Console message: Listening for external controls on 127.0.0.1:6010
debug 2025/05/03 11:39:50 Adding line to console: Listening for external controls on 127.0.0.1:6010
debug 2025/05/03 11:39:50 Console message: Connected to SuperDirt.
debug 2025/05/03 11:39:50 Adding line to console: Connected to SuperDirt.
debug 2025/05/03 11:39:50 Console message: Loaded GHCi configuration from /home/csweeney/.cabal/store/ghc-9.4.7/tidal-1.9.5-65f34845e5897e5144bfa5b0fa6ecc497ebc4119414d407e402957871a5e7a9a/share/BootTidal.hs
debug 2025/05/03 11:39:50 Adding line to console: Loaded GHCi configuration from /home/csweeney/.cabal/store/ghc-9.4.7/tidal-1.9.5-65f34845e5897e5144bfa5b0fa6ecc497ebc4119414d407e402957871a5e7a9a/share/BootTidal.hs
debug 2025/05/03 11:39:54 Console message: hush
debug 2025/05/03 11:39:54 Adding line to console: hush
debug 2025/05/03 11:39:54 Console message: hush
debug 2025/05/03 11:39:54 Adding line to console: hush
debug 2025/05/03 11:40:32 Starting Tidal REPL...
debug 2025/05/03 11:40:32 Console message: Loaded package environment from /home/csweeney/.ghc/x86_64-linux-9.4.7/environments/default
debug 2025/05/03 11:40:32 Adding line to console: Loaded package environment from /home/csweeney/.ghc/x86_64-linux-9.4.7/environments/default
debug 2025/05/03 11:40:32 Console message: GHCi, version 9.4.7: https://www.haskell.org/ghc/  :? for help
debug 2025/05/03 11:40:32 Adding line to console: GHCi, version 9.4.7: https://www.haskell.org/ghc/  :? for help
debug 2025/05/03 11:40:32 Console message: [TidalCycles version 1.9.5]
debug 2025/05/03 11:40:32 Adding line to console: [TidalCycles version 1.9.5]
debug 2025/05/03 11:40:32 Console message: Installed in /home/csweeney/.cabal/store/ghc-9.4.7/tidal-1.9.5-65f34845e5897e5144bfa5b0fa6ecc497ebc4119414d407e402957871a5e7a9a/share
debug 2025/05/03 11:40:32 Adding line to console: Installed in /home/csweeney/.cabal/store/ghc-9.4.7/tidal-1.9.5-65f34845e5897e5144bfa5b0fa6ecc497ebc4119414d407e402957871a5e7a9a/share
debug 2025/05/03 11:40:32 Console message: Listening for external controls on 127.0.0.1:6010
debug 2025/05/03 11:40:32 Adding line to console: Listening for external controls on 127.0.0.1:6010
debug 2025/05/03 11:40:32 Console message: Connected to SuperDirt.
debug 2025/05/03 11:40:32 Adding line to console: Connected to SuperDirt.
debug 2025/05/03 11:40:32 Console message: Loaded GHCi configuration from /home/csweeney/.cabal/store/ghc-9.4.7/tidal-1.9.5-65f34845e5897e5144bfa5b0fa6ecc497ebc4119414d407e402957871a5e7a9a/share/BootTidal.hs
debug 2025/05/03 11:40:32 Adding line to console: Loaded GHCi configuration from /home/csweeney/.cabal/store/ghc-9.4.7/tidal-1.9.5-65f34845e5897e5144bfa5b0fa6ecc497ebc4119414d407e402957871a5e7a9a/share/BootTidal.hs
debug 2025/05/03 11:40:34 Console message: hush
debug 2025/05/03 11:40:34 Adding line to console: hush
debug 2025/05/03 11:40:52 Starting Tidal REPL...
debug 2025/05/03 11:40:52 Console message: Loaded package environment from /home/csweeney/.ghc/x86_64-linux-9.4.7/environments/default
debug 2025/05/03 11:40:52 Adding line to console: Loaded package environment from /home/csweeney/.ghc/x86_64-linux-9.4.7/environments/default
debug 2025/05/03 11:40:52 Console message: GHCi, version 9.4.7: https://www.haskell.org/ghc/  :? for help
debug 2025/05/03 11:40:52 Adding line to console: GHCi, version 9.4.7: https://www.haskell.org/ghc/  :? for help
debug 2025/05/03 11:40:52 Console message: [TidalCycles version 1.9.5]
debug 2025/05/03 11:40:52 Adding line to console: [TidalCycles version 1.9.5]
debug 2025/05/03 11:40:52 Console message: Installed in /home/csweeney/.cabal/store/ghc-9.4.7/tidal-1.9.5-65f34845e5897e5144bfa5b0fa6ecc497ebc4119414d407e402957871a5e7a9a/share
debug 2025/05/03 11:40:52 Adding line to console: Installed in /home/csweeney/.cabal/store/ghc-9.4.7/tidal-1.9.5-65f34845e5897e5144bfa5b0fa6ecc497ebc4119414d407e402957871a5e7a9a/share
debug 2025/05/03 11:40:52 Console message: Listening for external controls on 127.0.0.1:6010
debug 2025/05/03 11:40:52 Adding line to console: Listening for external controls on 127.0.0.1:6010
debug 2025/05/03 11:40:52 Console message: Connected to SuperDirt.
debug 2025/05/03 11:40:52 Adding line to console: Connected to SuperDirt.
debug 2025/05/03 11:40:52 Console message: Loaded GHCi configuration from /home/csweeney/.cabal/store/ghc-9.4.7/tidal-1.9.5-65f34845e5897e5144bfa5b0fa6ecc497ebc4119414d407e402957871a5e7a9a/share/BootTidal.hs
debug 2025/05/03 11:40:52 Adding line to console: Loaded GHCi configuration from /home/csweeney/.cabal/store/ghc-9.4.7/tidal-1.9.5-65f34845e5897e5144bfa5b0fa6ecc497ebc4119414d407e402957871a5e7a9a/share/BootTidal.hs
debug 2025/05/03 11:41:31 Starting Tidal REPL...
debug 2025/05/03 11:41:31 Console message: Loaded package environment from /home/csweeney/.ghc/x86_64-linux-9.4.7/environments/default
debug 2025/05/03 11:41:31 Adding line to console: Loaded package environment from /home/csweeney/.ghc/x86_64-linux-9.4.7/environments/default
debug 2025/05/03 11:41:31 Console message: GHCi, version 9.4.7: https://www.haskell.org/ghc/  :? for help
debug 2025/05/03 11:41:31 Adding line to console: GHCi, version 9.4.7: https://www.haskell.org/ghc/  :? for help
debug 2025/05/03 11:41:31 Console message: [TidalCycles version 1.9.5]
debug 2025/05/03 11:41:31 Adding line to console: [TidalCycles version 1.9.5]
debug 2025/05/03 11:41:31 Console message: Installed in /home/csweeney/.cabal/store/ghc-9.4.7/tidal-1.9.5-65f34845e5897e5144bfa5b0fa6ecc497ebc4119414d407e402957871a5e7a9a/share
debug 2025/05/03 11:41:31 Adding line to console: Installed in /home/csweeney/.cabal/store/ghc-9.4.7/tidal-1.9.5-65f34845e5897e5144bfa5b0fa6ecc497ebc4119414d407e402957871a5e7a9a/share
debug 2025/05/03 11:41:31 Console message: Listening for external controls on 127.0.0.1:6010
debug 2025/05/03 11:41:31 Adding line to console: Listening for external controls on 127.0.0.1:6010
debug 2025/05/03 11:41:31 Console message: Connected to SuperDirt.
debug 2025/05/03 11:41:31 Adding line to console: Connected to SuperDirt.
debug 2025/05/03 11:41:31 Console message: Loaded GHCi configuration from /home/csweeney/.cabal/store/ghc-9.4.7/tidal-1.9.5-65f34845e5897e5144bfa5b0fa6ecc497ebc4119414d407e402957871a5e7a9a/share/BootTidal.hs
debug 2025/05/03 11:41:31 Adding line to console: Loaded GHCi configuration from /home/csweeney/.cabal/store/ghc-9.4.7/tidal-1.9.5-65f34845e5897e5144bfa5b0fa6ecc497ebc4119414d407e402957871a5e7a9a/share/BootTidal.hs
debug 2025/05/03 11:41:32 Console message: hush
debug 2025/05/03 11:41:32 Adding line to console: hush
debug 2025/05/03 11:41:32 Console message: hush
debug 2025/05/03 11:41:32 Adding line to console: hush
debug 2025/05/03 11:41:47 Starting Tidal REPL...
debug 2025/05/03 11:41:47 Setting console size to 105x10
debug 2025/05/03 11:41:47 Console message: Loaded package environment from /home/csweeney/.ghc/x86_64-linux-9.4.7/environments/default
debug 2025/05/03 11:41:47 Adding line to console: Loaded package environment from /home/csweeney/.ghc/x86_64-linux-9.4.7/environments/default
debug 2025/05/03 11:41:47 Console message: GHCi, version 9.4.7: https://www.haskell.org/ghc/  :? for help
debug 2025/05/03 11:41:47 Adding line to console: GHCi, version 9.4.7: https://www.haskell.org/ghc/  :? for help
debug 2025/05/03 11:41:47 Console message: [TidalCycles version 1.9.5]
debug 2025/05/03 11:41:47 Adding line to console: [TidalCycles version 1.9.5]
debug 2025/05/03 11:41:47 Console message: Installed in /home/csweeney/.cabal/store/ghc-9.4.7/tidal-1.9.5-65f34845e5897e5144bfa5b0fa6ecc497ebc4119414d407e402957871a5e7a9a/share
debug 2025/05/03 11:41:47 Adding line to console: Installed in /home/csweeney/.cabal/store/ghc-9.4.7/tidal-1.9.5-65f34845e5897e5144bfa5b0fa6ecc497ebc4119414d407e402957871a5e7a9a/share
debug 2025/05/03 11:41:47 Console message: Listening for external controls on 127.0.0.1:6010
debug 2025/05/03 11:41:47 Adding line to console: Listening for external controls on 127.0.0.1:6010
debug 2025/05/03 11:41:47 Console message: Connected to SuperDirt.
debug 2025/05/03 11:41:47 Adding line to console: Connected to SuperDirt.
debug 2025/05/03 11:41:47 Console message: Loaded GHCi configuration from /home/csweeney/.cabal/store/ghc-9.4.7/tidal-1.9.5-65f34845e5897e5144bfa5b0fa6ecc497ebc4119414d407e402957871a5e7a9a/share/BootTidal.hs
debug 2025/05/03 11:41:47 Adding line to console: Loaded GHCi configuration from /home/csweeney/.cabal/store/ghc-9.4.7/tidal-1.9.5-65f34845e5897e5144bfa5b0fa6ecc497ebc4119414d407e402957871a5e7a9a/share/BootTidal.hs
debug 2025/05/03 11:41:49 Console message: hush
debug 2025/05/03 11:41:49 Adding line to console: hush
debug 2025/05/03 11:41:51 Console message: hush
debug 2025/05/03 11:41:51 Adding line to console: hush
debug 2025/05/03 11:41:52 Console message: hush
debug 2025/05/03 11:41:52 Adding line to console: hush
debug 2025/05/03 11:41:58 Setting console size to 212x10
debug 2025/05/03 11:42:00 Console message: hush
debug 2025/05/03 11:42:00 Adding line to console: hush
debug 2025/05/03 11:42:01 Console message: hush
debug 2025/05/03 11:42:01 Adding line to console: hush
debug 2025/05/03 11:42:01 Console message: hush
debug 2025/05/03 11:42:01 Adding line to console: hush
debug 2025/05/03 11:42:02 Console message: hush
debug 2025/05/03 11:42:02 Adding line to console: hush
debug 2025/05/03 11:42:02 Setting console size to 105x10
debug 2025/05/03 11:42:04 Console message: hush
debug 2025/05/03 11:42:04 Adding line to console: hush
debug 2025/05/03 11:42:04 Console message: hush
debug 2025/05/03 11:42:04 Adding line to console: hush
debug 2025/05/03 11:42:05 Console message: hush
debug 2025/05/03 11:42:05 Adding line to console: hush
debug 2025/05/03 11:42:12 Console message: d1 $ s "soskick"
debug 2025/05/03 11:42:12 Adding line to console: d1 $ s "soskick"
debug 2025/05/03 11:42:18 Console message: d1 $ s "soskick hc"
debug 2025/05/03 11:42:18 Adding line to console: d1 $ s "soskick hc"
debug 2025/05/03 11:42:28 Console message: d1 $ s "soskick hc"ww
debug 2025/05/03 11:42:28 Adding line to console: d1 $ s "soskick hc"ww
debug 2025/05/03 11:42:28 Console message: 
debug 2025/05/03 11:42:28 Adding line to console: 
debug 2025/05/03 11:42:28 Console message: <interactive>:13:20: error: Variable not in scope: ww
debug 2025/05/03 11:42:28 Adding line to console: <interactive>:13:20: error: Variable not in scope: ww
debug 2025/05/03 11:44:14 Setting console size to 105x10
debug 2025/05/03 11:44:14 Starting Tidal REPL...
debug 2025/05/03 11:44:14 Setting console size to 105x10
debug 2025/05/03 11:44:15 Console message: Loaded package environment from /home/csweeney/.ghc/x86_64-linux-9.4.7/environments/default
debug 2025/05/03 11:44:15 Adding line to console: Loaded package environment from /home/csweeney/.ghc/x86_64-linux-9.4.7/environments/default
debug 2025/05/03 11:44:15 Console message: GHCi, version 9.4.7: https://www.haskell.org/ghc/  :? for help
debug 2025/05/03 11:44:15 Adding line to console: GHCi, version 9.4.7: https://www.haskell.org/ghc/  :? for help
debug 2025/05/03 11:44:15 Console message: [TidalCycles version 1.9.5]
debug 2025/05/03 11:44:15 Adding line to console: [TidalCycles version 1.9.5]
debug 2025/05/03 11:44:15 Console message: Installed in /home/csweeney/.cabal/store/ghc-9.4.7/tidal-1.9.5-65f34845e5897e5144bfa5b0fa6ecc497ebc4119414d407e402957871a5e7a9a/share
debug 2025/05/03 11:44:15 Adding line to console: Installed in /home/csweeney/.cabal/store/ghc-9.4.7/tidal-1.9.5-65f34845e5897e5144bfa5b0fa6ecc497ebc4119414d407e402957871a5e7a9a/share
debug 2025/05/03 11:44:15 Console message: Listening for external controls on 127.0.0.1:6010
debug 2025/05/03 11:44:15 Adding line to console: Listening for external controls on 127.0.0.1:6010
debug 2025/05/03 11:44:15 Console message: Connected to SuperDirt.
debug 2025/05/03 11:44:15 Adding line to console: Connected to SuperDirt.
debug 2025/05/03 11:44:15 Console message: Loaded GHCi configuration from /home/csweeney/.cabal/store/ghc-9.4.7/tidal-1.9.5-65f34845e5897e5144bfa5b0fa6ecc497ebc4119414d407e402957871a5e7a9a/share/BootTidal.hs
debug 2025/05/03 11:44:15 Adding line to console: Loaded GHCi configuration from /home/csweeney/.cabal/store/ghc-9.4.7/tidal-1.9.5-65f34845e5897e5144bfa5b0fa6ecc497ebc4119414d407e402957871a5e7a9a/share/BootTidal.hs
debug 2025/05/03 11:44:16 Console message: hush
debug 2025/05/03 11:44:16 Adding line to console: hush
debug 2025/05/03 11:44:16 Console message: hush
debug 2025/05/03 11:44:16 Adding line to console: hush
debug 2025/05/03 11:46:12 Starting Tidal REPL...
debug 2025/05/03 11:46:12 Setting console size to 105x10
debug 2025/05/03 11:46:13 Console message: Loaded package environment from /home/csweeney/.ghc/x86_64-linux-9.4.7/environments/default
debug 2025/05/03 11:46:13 Adding line to console: Loaded package environment from /home/csweeney/.ghc/x86_64-linux-9.4.7/environments/default
debug 2025/05/03 11:46:13 Console message: GHCi, version 9.4.7: https://www.haskell.org/ghc/  :? for help
debug 2025/05/03 11:46:13 Adding line to console: GHCi, version 9.4.7: https://www.haskell.org/ghc/  :? for help
debug 2025/05/03 11:46:13 Console message: [TidalCycles version 1.9.5]
debug 2025/05/03 11:46:13 Adding line to console: [TidalCycles version 1.9.5]
debug 2025/05/03 11:46:13 Console message: Installed in /home/csweeney/.cabal/store/ghc-9.4.7/tidal-1.9.5-65f34845e5897e5144bfa5b0fa6ecc497ebc4119414d407e402957871a5e7a9a/share
debug 2025/05/03 11:46:13 Adding line to console: Installed in /home/csweeney/.cabal/store/ghc-9.4.7/tidal-1.9.5-65f34845e5897e5144bfa5b0fa6ecc497ebc4119414d407e402957871a5e7a9a/share
debug 2025/05/03 11:46:13 Console message: Listening for external controls on 127.0.0.1:6010
debug 2025/05/03 11:46:13 Adding line to console: Listening for external controls on 127.0.0.1:6010
debug 2025/05/03 11:46:13 Console message: Connected to SuperDirt.
debug 2025/05/03 11:46:13 Adding line to console: Connected to SuperDirt.
debug 2025/05/03 11:46:13 Console message: Loaded GHCi configuration from /home/csweeney/.cabal/store/ghc-9.4.7/tidal-1.9.5-65f34845e5897e5144bfa5b0fa6ecc497ebc4119414d407e402957871a5e7a9a/share/BootTidal.hs
debug 2025/05/03 11:46:13 Adding line to console: Loaded GHCi configuration from /home/csweeney/.cabal/store/ghc-9.4.7/tidal-1.9.5-65f34845e5897e5144bfa5b0fa6ecc497ebc4119414d407e402957871a5e7a9a/share/BootTidal.hs
debug 2025/05/03 11:46:14 Console message: hush
debug 2025/05/03 11:46:14 Adding line to console: hush
debug 2025/05/03 11:46:15 Console message: hush
debug 2025/05/03 11:46:15 Adding line to console: hush
debug 2025/05/03 11:46:17 Setting console size to 212x10
debug 2025/05/03 11:46:17 Setting console size to 105x10
debug 2025/05/03 11:46:18 Console message: hush
debug 2025/05/03 11:46:18 Adding line to console: hush
debug 2025/05/03 11:46:19 Setting console size to 212x10
debug 2025/05/03 11:46:20 Console message: hush
debug 2025/05/03 11:46:20 Adding line to console: hush
debug 2025/05/03 11:46:24 Setting console size to 105x10
debug 2025/05/03 11:46:26 Console message: hush
debug 2025/05/03 11:46:26 Adding line to console: hush
debug 2025/05/03 11:46:26 Console message: hush
debug 2025/05/03 11:46:26 Adding line to console: hush
debug 2025/05/03 11:46:26 Console message: hush
debug 2025/05/03 11:46:26 Adding line to console: hush
debug 2025/05/03 11:46:26 Console message: hush
debug 2025/05/03 11:46:26 Adding line to console: hush
debug 2025/05/03 11:46:27 Console message: hush
debug 2025/05/03 11:46:27 Adding line to console: hush
debug 2025/05/03 11:46:27 Console message: hush
debug 2025/05/03 11:46:27 Adding line to console: hush
